2023-12-05T23:33:49.081+03:00  INFO 13776 --- [restartedMain] c.company.onlinestorespring.Application  : Starting Application using Java 17.0.5 with PID 13776 (D:\IntellijProjects\online_store_spring\target\classes started by Dzmitry in D:\IntellijProjects\online_store_spring)
2023-12-05T23:33:49.081+03:00  INFO 13776 --- [restartedMain] c.company.onlinestorespring.Application  : No active profile set, falling back to 1 default profile: "default"
2023-12-05T23:33:49.115+03:00  INFO 13776 --- [restartedMain] .e.DevToolsPropertyDefaultsPostProcessor : Devtools property defaults active! Set 'spring.devtools.add-properties' to 'false' to disable
2023-12-05T23:33:49.115+03:00  INFO 13776 --- [restartedMain] .e.DevToolsPropertyDefaultsPostProcessor : For additional web related logging consider setting the 'logging.level.web' property to 'DEBUG'
2023-12-05T23:33:49.562+03:00  INFO 13776 --- [restartedMain] .s.d.r.c.RepositoryConfigurationDelegate : Bootstrapping Spring Data JPA repositories in DEFAULT mode.
2023-12-05T23:33:49.593+03:00  INFO 13776 --- [restartedMain] .s.d.r.c.RepositoryConfigurationDelegate : Finished Spring Data repository scanning in 16 ms. Found 0 JPA repository interfaces.
2023-12-05T23:33:49.942+03:00  INFO 13776 --- [restartedMain] o.s.b.w.embedded.tomcat.TomcatWebServer  : Tomcat initialized with port(s): 8080 (http)
2023-12-05T23:33:49.957+03:00  INFO 13776 --- [restartedMain] o.apache.catalina.core.StandardService   : Starting service [Tomcat]
2023-12-05T23:33:49.957+03:00  INFO 13776 --- [restartedMain] o.apache.catalina.core.StandardEngine    : Starting Servlet engine: [Apache Tomcat/10.1.12]
2023-12-05T23:33:50.004+03:00  INFO 13776 --- [restartedMain] o.a.c.c.C.[.[localhost].[/online-store]  : Initializing Spring embedded WebApplicationContext
2023-12-05T23:33:50.004+03:00  INFO 13776 --- [restartedMain] w.s.c.ServletWebServerApplicationContext : Root WebApplicationContext: initialization completed in 889 ms
2023-12-05T23:33:50.086+03:00  INFO 13776 --- [restartedMain] com.zaxxer.hikari.HikariDataSource       : HikariPool-1 - Starting...
2023-12-05T23:33:50.351+03:00  INFO 13776 --- [restartedMain] com.zaxxer.hikari.pool.HikariPool        : HikariPool-1 - Added connection com.mysql.cj.jdbc.ConnectionImpl@12a10520
2023-12-05T23:33:50.351+03:00  INFO 13776 --- [restartedMain] com.zaxxer.hikari.HikariDataSource       : HikariPool-1 - Start completed.
2023-12-05T23:33:50.383+03:00  INFO 13776 --- [restartedMain] o.hibernate.jpa.internal.util.LogHelper  : HHH000204: Processing PersistenceUnitInfo [name: default]
2023-12-05T23:33:50.414+03:00  INFO 13776 --- [restartedMain] org.hibernate.Version                    : HHH000412: Hibernate ORM core version 6.2.7.Final
2023-12-05T23:33:50.414+03:00  INFO 13776 --- [restartedMain] org.hibernate.cfg.Environment            : HHH000406: Using bytecode reflection optimizer
2023-12-05T23:33:50.518+03:00  INFO 13776 --- [restartedMain] o.h.b.i.BytecodeProviderInitiator        : HHH000021: Bytecode provider name : bytebuddy
2023-12-05T23:33:50.598+03:00  INFO 13776 --- [restartedMain] o.s.o.j.p.SpringPersistenceUnitInfo      : No LoadTimeWeaver setup: ignoring JPA class transformer
2023-12-05T23:33:50.770+03:00  INFO 13776 --- [restartedMain] o.h.b.i.BytecodeProviderInitiator        : HHH000021: Bytecode provider name : bytebuddy
2023-12-05T23:33:51.145+03:00  INFO 13776 --- [restartedMain] o.h.e.t.j.p.i.JtaPlatformInitiator       : HHH000490: Using JtaPlatform implementation: [org.hibernate.engine.transaction.jta.platform.internal.NoJtaPlatform]
2023-12-05T23:33:51.145+03:00  INFO 13776 --- [restartedMain] j.LocalContainerEntityManagerFactoryBean : Initialized JPA EntityManagerFactory for persistence unit 'default'
2023-12-05T23:33:51.239+03:00  WARN 13776 --- [restartedMain] JpaBaseConfiguration$JpaWebConfiguration : spring.jpa.open-in-view is enabled by default. Therefore, database queries may be performed during view rendering. Explicitly configure spring.jpa.open-in-view to disable this warning
2023-12-05T23:33:51.411+03:00  INFO 13776 --- [restartedMain] o.s.s.web.DefaultSecurityFilterChain     : Will secure any request with [org.springframework.security.web.session.DisableEncodeUrlFilter@3952f21b, org.springframework.security.web.context.request.async.WebAsyncManagerIntegrationFilter@b767982, org.springframework.security.web.context.SecurityContextHolderFilter@4be680e8, org.springframework.security.web.header.HeaderWriterFilter@33299570, org.springframework.security.web.csrf.CsrfFilter@3bd62d6e, org.springframework.security.web.authentication.logout.LogoutFilter@26cbf5c, org.springframework.security.web.authentication.UsernamePasswordAuthenticationFilter@15833614, org.springframework.security.web.savedrequest.RequestCacheAwareFilter@17c0bba5, org.springframework.security.web.servletapi.SecurityContextHolderAwareRequestFilter@26f82115, org.springframework.security.web.authentication.AnonymousAuthenticationFilter@749dd6e, org.springframework.security.web.session.SessionManagementFilter@1f10386c, org.springframework.security.web.access.ExceptionTranslationFilter@77b35a48, org.springframework.security.web.access.intercept.AuthorizationFilter@c87d229]
2023-12-05T23:33:51.522+03:00  INFO 13776 --- [restartedMain] o.s.b.d.a.OptionalLiveReloadServer       : LiveReload server is running on port 35729
2023-12-05T23:33:51.553+03:00  INFO 13776 --- [restartedMain] o.s.b.w.embedded.tomcat.TomcatWebServer  : Tomcat started on port(s): 8080 (http) with context path '/online-store'
2023-12-05T23:33:51.553+03:00  INFO 13776 --- [restartedMain] c.company.onlinestorespring.Application  : Started Application in 2.761 seconds (process running for 3.248)
2023-12-05T23:34:15.485+03:00  INFO 13776 --- [http-nio-8080-exec-2] o.a.c.c.C.[.[localhost].[/online-store]  : Initializing Spring DispatcherServlet 'dispatcherServlet'
2023-12-05T23:34:15.485+03:00  INFO 13776 --- [http-nio-8080-exec-2] o.s.web.servlet.DispatcherServlet        : Initializing Servlet 'dispatcherServlet'
2023-12-05T23:34:15.486+03:00  INFO 13776 --- [http-nio-8080-exec-2] o.s.web.servlet.DispatcherServlet        : Completed initialization in 1 ms
2023-12-05T23:34:30.864+03:00  INFO 13776 --- [http-nio-8080-exec-2] c.c.o.c.AuthenticationSuccessHandlerImpl : User with the username dzmitry has successfully logged in.
2023-12-05T23:34:42.861+03:00  INFO 13776 --- [http-nio-8080-exec-2] c.c.o.service.impl.UserOrderServiceImpl  : The user order with id 18 was successfully added.
2023-12-05T23:36:12.322+03:00  INFO 13776 --- [http-nio-8080-exec-10] c.c.o.s.i.OrderInformationServiceImpl    : The order with id 8 has been successfully placed.
2023-12-05T23:37:14.773+03:00  INFO 13776 --- [http-nio-8080-exec-3] c.c.o.s.i.OrderInformationServiceImpl    : Complete order by order information id 8
2023-12-05T23:44:54.602+03:00  INFO 13776 --- [SpringApplicationShutdownHook] j.LocalContainerEntityManagerFactoryBean : Closing JPA EntityManagerFactory for persistence unit 'default'
2023-12-05T23:44:54.602+03:00  INFO 13776 --- [SpringApplicationShutdownHook] com.zaxxer.hikari.HikariDataSource       : HikariPool-1 - Shutdown initiated...
2023-12-05T23:44:54.618+03:00  INFO 13776 --- [SpringApplicationShutdownHook] com.zaxxer.hikari.HikariDataSource       : HikariPool-1 - Shutdown completed.
